This is pdfTeX, Version 3.14159265-2.6-1.40.17 (MiKTeX 2.9.6100 64-bit) (preloaded format=pdflatex 2016.12.29)  23 MAY 2017 15:12
entering extended mode
**./document.tex
(document.tex
LaTeX2e <2016/03/31> patch level 3
Babel <3.9r> and hyphenation patterns for 75 language(s) loaded.
("C:\Program Files\MiKTeX 2.9\tex\latex\base\report.cls"
Document Class: report 2014/09/29 v1.4h Standard LaTeX document class
("C:\Program Files\MiKTeX 2.9\tex\latex\base\size12.clo"
File: size12.clo 2014/09/29 v1.4h Standard LaTeX file (size option)
)
\c@part=\count79
\c@chapter=\count80
\c@section=\count81
\c@subsection=\count82
\c@subsubsection=\count83
\c@paragraph=\count84
\c@subparagraph=\count85
\c@figure=\count86
\c@table=\count87
\abovecaptionskip=\skip41
\belowcaptionskip=\skip42
\bibindent=\dimen102
)
("C:\Program Files\MiKTeX 2.9\tex\latex\graphics\graphicx.sty"
Package: graphicx 2014/10/28 v1.0g Enhanced LaTeX Graphics (DPC,SPQR)

("C:\Program Files\MiKTeX 2.9\tex\latex\graphics\keyval.sty"
Package: keyval 2014/10/28 v1.15 key=value parser (DPC)
\KV@toks@=\toks14
)
("C:\Program Files\MiKTeX 2.9\tex\latex\graphics\graphics.sty"
Package: graphics 2016/07/10 v1.0t Standard LaTeX Graphics (DPC,SPQR)

("C:\Program Files\MiKTeX 2.9\tex\latex\graphics\trig.sty"
Package: trig 2016/01/03 v1.10 sin cos tan (DPC)
)
("C:\Program Files\MiKTeX 2.9\tex\latex\graphics-cfg\graphics.cfg"
File: graphics.cfg 2016/06/04 v1.11 sample graphics configuration
)
Package graphics Info: Driver file: pdftex.def on input line 99.

("C:\Program Files\MiKTeX 2.9\tex\latex\graphics-def\pdftex.def"
File: pdftex.def 2016/07/10 v0.06j Graphics/color for pdfTeX

("C:\Program Files\MiKTeX 2.9\tex\generic\oberdiek\infwarerr.sty"
Package: infwarerr 2016/05/16 v1.4 Providing info/warning/error messages (HO)
)
("C:\Program Files\MiKTeX 2.9\tex\generic\oberdiek\ltxcmds.sty"
Package: ltxcmds 2016/05/16 v1.23 LaTeX kernel commands for general use (HO)
)
\Gread@gobject=\count88
))
\Gin@req@height=\dimen103
\Gin@req@width=\dimen104
)
(document.aux)
\openout1 = `document.aux'.

LaTeX Font Info:    Checking defaults for OML/cmm/m/it on input line 4.
LaTeX Font Info:    ... okay on input line 4.
LaTeX Font Info:    Checking defaults for T1/cmr/m/n on input line 4.
LaTeX Font Info:    ... okay on input line 4.
LaTeX Font Info:    Checking defaults for OT1/cmr/m/n on input line 4.
LaTeX Font Info:    ... okay on input line 4.
LaTeX Font Info:    Checking defaults for OMS/cmsy/m/n on input line 4.
LaTeX Font Info:    ... okay on input line 4.
LaTeX Font Info:    Checking defaults for OMX/cmex/m/n on input line 4.
LaTeX Font Info:    ... okay on input line 4.
LaTeX Font Info:    Checking defaults for U/cmr/m/n on input line 4.
LaTeX Font Info:    ... okay on input line 4.
 ("C:\Program Files\MiKTeX 2.9\tex\context\base\supp-pdf.mkii"
[Loading MPS to PDF converter (version 2006.09.02).]
\scratchcounter=\count89
\scratchdimen=\dimen105
\scratchbox=\box26
\nofMPsegments=\count90
\nofMParguments=\count91
\everyMPshowfont=\toks15
\MPscratchCnt=\count92
\MPscratchDim=\dimen106
\MPnumerator=\count93
\makeMPintoPDFobject=\count94
\everyMPtoPDFconversion=\toks16
) ("C:\Program Files\MiKTeX 2.9\tex\generic\oberdiek\pdftexcmds.sty"
Package: pdftexcmds 2016/05/21 v0.22 Utility functions of pdfTeX for LuaTeX (HO
)

("C:\Program Files\MiKTeX 2.9\tex\generic\oberdiek\ifluatex.sty"
Package: ifluatex 2016/05/16 v1.4 Provides the ifluatex switch (HO)
Package ifluatex Info: LuaTeX not detected.
)
("C:\Program Files\MiKTeX 2.9\tex\generic\oberdiek\ifpdf.sty"
Package: ifpdf 2016/05/14 v3.1 Provides the ifpdf switch
)
Package pdftexcmds Info: LuaTeX not detected.
Package pdftexcmds Info: \pdf@primitive is available.
Package pdftexcmds Info: \pdf@ifprimitive is available.
Package pdftexcmds Info: \pdfdraftmode found.
)
("C:\Program Files\MiKTeX 2.9\tex\latex\oberdiek\epstopdf-base.sty"
Package: epstopdf-base 2016/05/15 v2.6 Base part for package epstopdf

("C:\Program Files\MiKTeX 2.9\tex\latex\oberdiek\grfext.sty"
Package: grfext 2016/05/16 v1.2 Manage graphics extensions (HO)

("C:\Program Files\MiKTeX 2.9\tex\generic\oberdiek\kvdefinekeys.sty"
Package: kvdefinekeys 2016/05/16 v1.4 Define keys (HO)
))
("C:\Program Files\MiKTeX 2.9\tex\latex\oberdiek\kvoptions.sty"
Package: kvoptions 2016/05/16 v3.12 Key value format for package options (HO)

("C:\Program Files\MiKTeX 2.9\tex\generic\oberdiek\kvsetkeys.sty"
Package: kvsetkeys 2016/05/16 v1.17 Key value parser (HO)

("C:\Program Files\MiKTeX 2.9\tex\generic\oberdiek\etexcmds.sty"
Package: etexcmds 2016/05/16 v1.6 Avoid name clashes with e-TeX commands (HO)
Package etexcmds Info: Could not find \expanded.
(etexcmds)             That can mean that you are not using pdfTeX 1.50 or
(etexcmds)             that some package has redefined \expanded.
(etexcmds)             In the latter case, load this package earlier.
)))
Package epstopdf-base Info: Redefining graphics rule for `.eps' on input line 4
38.
Package grfext Info: Graphics extension search list:
(grfext)             [.png,.pdf,.jpg,.mps,.jpeg,.jbig2,.jb2,.PNG,.PDF,.JPG,.JPE
G,.JBIG2,.JB2,.eps]
(grfext)             \AppendGraphicsExtensions on input line 456.
)
<logo2.jpg, id=1, 1022.31938pt x 228.10219pt>
File: logo2.jpg Graphic file (type jpg)
 <use logo2.jpg>
Package pdftex.def Info: logo2.jpg used on input line 13.
(pdftex.def)             Requested size: 341.42226pt x 76.17888pt.

Underfull \hbox (badness 10000) in paragraph at lines 19--20

 []

[1

{C:/ProgramData/MiKTeX/2.9/pdftex/config/pdftex.map} <./logo2.jpg>]
(document.toc
LaTeX Font Info:    External font `cmex10' loaded for size
(Font)              <12> on input line 2.
LaTeX Font Info:    External font `cmex10' loaded for size
(Font)              <8> on input line 2.
LaTeX Font Info:    External font `cmex10' loaded for size
(Font)              <6> on input line 2.
)
\tf@toc=\write3
\openout3 = `document.toc'.

 [1

]
Chapter 1.
Missing character: There is no ‚ in font cmr12!
Missing character: There is no Ä in font cmr12!
Missing character: There is no ú in font cmr12!
Missing character: There is no ‚ in font cmr12!
Missing character: There is no Ä in font cmr12!
Missing character: There is no ú in font cmr12!

Underfull \hbox (badness 10000) in paragraph at lines 39--40

 []


Underfull \hbox (badness 10000) in paragraph at lines 41--42

 []


Underfull \hbox (badness 10000) in paragraph at lines 45--46

 []

Missing character: There is no ‚ in font cmr12!
Missing character: There is no Ä in font cmr12!
Missing character: There is no ô in font cmr12!

Underfull \hbox (badness 10000) in paragraph at lines 49--50

 []

<pix.jpg, id=12, 985.43156pt x 354.57469pt>
File: pix.jpg Graphic file (type jpg)
 <use pix.jpg>
Package pdftex.def Info: pix.jpg used on input line 56.
(pdftex.def)             Requested size: 312.98383pt x 112.61679pt.
 [2

]
Missing character: There is no ‚ in font cmr12!
Missing character: There is no Ä in font cmr12!
Missing character: There is no ô in font cmr12!
Missing character: There is no ‚ in font cmr12!
Missing character: There is no Ä in font cmr12!
Missing character: There is no ô in font cmr12!

Underfull \hbox (badness 10000) in paragraph at lines 63--65

 []

Missing character: There is no ‚ in font cmr12!
Missing character: There is no Ä in font cmr12!
Missing character: There is no ò in font cmr12!
Missing character: There is no ‚ in font cmr12!
Missing character: There is no Ä in font cmr12!
Missing character: There is no ô in font cmr12!

Underfull \hbox (badness 10000) in paragraph at lines 69--73

 []

<pixelart2.png, id=16, 344.78813pt x 206.27063pt>
File: pixelart2.png Graphic file (type png)
 <use pixelart2.png>
Package pdftex.def Info: pixelart2.png used on input line 78.
(pdftex.def)             Requested size: 332.92363pt x 199.17264pt.
 [3 <./pix.jpg>]
Missing character: There is no ‚ in font cmr12!
Missing character: There is no Ä in font cmr12!
Missing character: There is no ú in font cmr12!
Missing character: There is no ‚ in font cmr12!
Missing character: There is no Ä in font cmr12!
Missing character: There is no ù in font cmr12!
Missing character: There is no ‚ in font cmr12!
Missing character: There is no Ä in font cmr12!
Missing character: There is no ú in font cmr12!
Missing character: There is no ‚ in font cmr12!
Missing character: There is no Ä in font cmr12!
Missing character: There is no ù in font cmr12!
 [4 <./pixelart2.png>]
Chapter 2.

Underfull \hbox (badness 10000) in paragraph at lines 124--125

 []

<Untitled.jpg, id=27, 301.8778pt x 155.07938pt>
File: Untitled.jpg Graphic file (type jpg)
 <use Untitled.jpg>
Package pdftex.def Info: Untitled.jpg used on input line 127.
(pdftex.def)             Requested size: 387.70123pt x 199.1682pt.
 [5

] [6 <./Untitled.jpg>]
Chapter 3.
<UseCase.jpg, id=37, 840.13875pt x 635.37375pt>
File: UseCase.jpg Graphic file (type jpg)
 <use UseCase.jpg>
Package pdftex.def Info: UseCase.jpg used on input line 146.
(pdftex.def)             Requested size: 376.23859pt x 284.53885pt.
 [7

 <./UseCase.jpg>] <Class.jpg, id=41, 674.52pt x 378.41376pt>
File: Class.jpg Graphic file (type jpg)
 <use Class.jpg>
Package pdftex.def Info: Class.jpg used on input line 195.
(pdftex.def)             Requested size: 355.02374pt x 199.17255pt.
 [8]
Overfull \hbox (4.77701pt too wide) in paragraph at lines 203--204
\OT1/cmr/m/n/12 For draw-ing the tail im-age in-side the main sub-ject im-age w
e will use \OT1/cmr/bx/n/12 QPainter
 []

<mainwindow.jpg, id=45, 693.34032pt x 536.75531pt>
File: mainwindow.jpg Graphic file (type jpg)
 <use mainwindow.jpg>
Package pdftex.def Info: mainwindow.jpg used on input line 212.
(pdftex.def)             Requested size: 220.51926pt x 170.71686pt.

[9 <./Class.jpg> <./mainwindow.jpg>]
Chapter 4.
<GN.jpg, id=49, 702.625pt x 550.055pt>
File: GN.jpg Graphic file (type jpg)
 <use GN.jpg>
Package pdftex.def Info: GN.jpg used on input line 226.
(pdftex.def)             Requested size: 218.0688pt x 170.71672pt.

<output-5.png, id=50, 526.96875pt x 412.54124pt>
File: output-5.png Graphic file (type png)
 <use output-5.png>
Package pdftex.def Info: output-5.png used on input line 233.
(pdftex.def)             Requested size: 218.0688pt x 170.71672pt.

<output-10.png, id=51, 526.96875pt x 412.54124pt>
File: output-10.png Graphic file (type png)
 <use output-10.png>
Package pdftex.def Info: output-10.png used on input line 239.
(pdftex.def)             Requested size: 218.0688pt x 170.71672pt.
 [10

 <./GN.jpg> <./output-5.png (PNG copy)>]
<output-20.png, id=55, 526.96875pt x 412.54124pt>
File: output-20.png Graphic file (type png)
 <use output-20.png>
Package pdftex.def Info: output-20.png used on input line 244.
(pdftex.def)             Requested size: 218.0688pt x 170.71672pt.
 [11 <./output-10.png (PNG copy)> <./output-20.png (PNG copy)>]
Chapter 5.
[12

]
Overfull \hbox (154.27501pt too wide) in paragraph at lines 270--271
[]\OT1/cmr/m/n/12 QTL or STL? - https://web.archive.org/web/20160902015144/http
://blog.codeimproved.net/posts/qtl-
 []

[13

] (document.aux) ) 
Here is how much of TeX's memory you used:
 1577 strings out of 493333
 22105 string characters out of 3139187
 81721 words of memory out of 3000000
 5103 multiletter control sequences out of 15000+200000
 9198 words of font info for 32 fonts, out of 3000000 for 9000
 1141 hyphenation exceptions out of 8191
 40i,5n,25p,1048b,187s stack positions out of 5000i,500n,10000p,200000b,50000s
<C:/Program Files/MiKTeX 2.9/fonts/type1/public/amsfonts/cm/c
mbx12.pfb><C:/Program Files/MiKTeX 2.9/fonts/type1/public/amsfonts/cm/cmbxti10.
pfb><C:/Program Files/MiKTeX 2.9/fonts/type1/public/amsfonts/cm/cmex10.pfb><C:/
Program Files/MiKTeX 2.9/fonts/type1/public/amsfonts/cm/cmmi12.pfb><C:/Program 
Files/MiKTeX 2.9/fonts/type1/public/amsfonts/cm/cmr12.pfb><C:/Program Files/MiK
TeX 2.9/fonts/type1/public/amsfonts/cm/cmr17.pfb><C:/Program Files/MiKTeX 2.9/f
onts/type1/public/amsfonts/cm/cmr8.pfb><C:/Program Files/MiKTeX 2.9/fonts/type1
/public/amsfonts/cm/cmsy10.pfb><C:/Program Files/MiKTeX 2.9/fonts/type1/public/
amsfonts/cm/cmti12.pfb>
Output written on document.pdf (14 pages, 1767289 bytes).
PDF statistics:
 95 PDF objects out of 1000 (max. 8388607)
 0 named destinations out of 1000 (max. 500000)
 56 words of extra memory for PDF output out of 10000 (max. 10000000)

